<?xml version="1.0" encoding="UTF-8"?>
<!-- Generated by org.testng.reporters.JUnitReportReporter -->
<testsuite hostname="BDO-CLIENT-001" name="com.epam.exercise3.IntegerStackTest" tests="7" failures="0" timestamp="18 Feb 2015 12:23:59 GMT" time="0.016" errors="0">
  <testcase name="testPushWhenNullThenException" time="0.000" classname="com.epam.exercise3.IntegerStackTest"/>
  <testcase name="testCountWhenMorePushedThenMore" time="0.000" classname="com.epam.exercise3.IntegerStackTest"/>
  <testcase name="testPushPopWhenValidThenPopTheSame" time="0.008" classname="com.epam.exercise3.IntegerStackTest"/>
  <testcase name="testCountWhenMorePushedPopedThenCorrect" time="0.000" classname="com.epam.exercise3.IntegerStackTest"/>
  <testcase name="testCountWhenOnePushedThenOne" time="0.000" classname="com.epam.exercise3.IntegerStackTest"/>
  <testcase name="testPushPopWhenNonEmptyAndPushValidThenPopTheSame" time="0.000" classname="com.epam.exercise3.IntegerStackTest"/>
  <testcase name="testCountWhenEmptyThenZero" time="0.008" classname="com.epam.exercise3.IntegerStackTest"/>
</testsuite> <!-- com.epam.exercise3.IntegerStackTest -->
