<?xml version="1.0" encoding="UTF-8"?>
<!-- Generated by org.testng.reporters.JUnitReportReporter -->
<testsuite hostname="BDO-CLIENT-001" name="com.epam.exercise2.StringHelperTest" tests="7" failures="0" timestamp="18 Feb 2015 10:54:51 GMT" time="0.040" errors="0">
  <testcase name="testSwapLast2CharsWhenOneLetterThenReturnTheSame" time="0.008" classname="com.epam.exercise2.StringHelperTest"/>
  <testcase name="testSwapLast2CharsWhenMultipleLettersThenReturnSwappedLast2" time="0.016" classname="com.epam.exercise2.StringHelperTest"/>
  <testcase name="testSwapLast2CharsWhenNullThenException" time="0.000" classname="com.epam.exercise2.StringHelperTest"/>
  <testcase name="testSwapLast2CharsWhenTwoLettersThenReturnSwapped1" time="0.008" classname="com.epam.exercise2.StringHelperTest"/>
  <testcase name="testSwapLast2CharsWhenThreeLettersThenReturnSwappedLast2" time="0.000" classname="com.epam.exercise2.StringHelperTest"/>
  <testcase name="testSwapLast2CharsWhenTwoLettersThenReturnSwapped2" time="0.000" classname="com.epam.exercise2.StringHelperTest"/>
  <testcase name="testSwapLast2CharsWhenEmptyThenReturnEmpty" time="0.008" classname="com.epam.exercise2.StringHelperTest"/>
</testsuite> <!-- com.epam.exercise2.StringHelperTest -->
